\BOOKMARK [0][-]{chapter.1}{\376\377\000I\000n\000t\000r\000o\000d\000u\000c\000t\000i\000o\000n}{}% 1
\BOOKMARK [1][-]{section.1.1}{\376\377\000R\000o\000o\000t\000\040\000M\000o\000r\000p\000h\000o\000l\000o\000g\000y}{chapter.1}% 2
\BOOKMARK [2][-]{subsection.1.1.1}{\376\377\000S\000t\000r\000u\000c\000t\000u\000r\000e\000\040\000a\000n\000d\000\040\000R\000e\000g\000i\000o\000n\000s}{section.1.1}% 3
\BOOKMARK [2][-]{subsection.1.1.2}{\376\377\000A\000u\000x\000i\000n\000\040\000I\000n\000f\000l\000u\000x\000\040\000a\000n\000d\000\040\000E\000f\000f\000l\000u\000x}{section.1.1}% 4
\BOOKMARK [2][-]{subsection.1.1.3}{\376\377\000P\000L\000E\000T\000H\000O\000R\000A}{section.1.1}% 5
\BOOKMARK [2][-]{subsection.1.1.4}{\376\377\000C\000y\000t\000o\000k\000i\000n\000i\000n}{section.1.1}% 6
\BOOKMARK [2][-]{subsection.1.1.5}{\376\377\000B\000r\000a\000s\000s\000i\000n\000o\000s\000t\000e\000r\000o\000i\000d\000,\000\040\000C\000L\000A\000S\000P\000,\000\040\000a\000n\000d\000\040\000M\000i\000c\000r\000o\000t\000u\000b\000u\000l\000e\000s}{section.1.1}% 7
\BOOKMARK [1][-]{section.1.2}{\376\377\000S\000t\000a\000t\000i\000c\000\040\000A\000u\000x\000i\000n\000\040\000M\000o\000d\000e\000l\000s}{chapter.1}% 8
\BOOKMARK [2][-]{subsection.1.2.1}{\376\377\000M\000o\000d\000e\000l\000l\000i\000n\000g\000\040\000F\000r\000a\000m\000e\000w\000o\000r\000k\000s}{section.1.2}% 9
\BOOKMARK [2][-]{subsection.1.2.2}{\376\377\000A\000u\000x\000i\000n\000\040\000E\000f\000f\000l\000u\000x\000\040\000a\000n\000d\000\040\000I\000n\000f\000l\000u\000x}{section.1.2}% 10
\BOOKMARK [2][-]{subsection.1.2.3}{\376\377\000B\000a\000c\000k\000g\000r\000o\000u\000n\000d\000\040\000D\000i\000f\000f\000u\000s\000i\000o\000n}{section.1.2}% 11
\BOOKMARK [2][-]{subsection.1.2.4}{\376\377\000P\000L\000E\000T\000H\000O\000R\000A\000\040\000T\000r\000a\000n\000s\000c\000r\000i\000p\000t\000i\000o\000n\000\040\000F\000a\000c\000t\000o\000r\000s}{section.1.2}% 12
\BOOKMARK [2][-]{subsection.1.2.5}{\376\377\000C\000y\000t\000o\000k\000i\000n\000i\000n}{section.1.2}% 13
\BOOKMARK [2][-]{subsection.1.2.6}{\376\377\000E\000t\000h\000y\000l\000e\000n\000e}{section.1.2}% 14
\BOOKMARK [1][-]{section.1.3}{\376\377\000G\000r\000o\000w\000i\000n\000g\000\040\000R\000o\000o\000t\000\040\000M\000o\000d\000e\000l\000s}{chapter.1}% 15
\BOOKMARK [0][-]{chapter.2}{\376\377\000M\000o\000d\000e\000l}{}% 16
\BOOKMARK [1][-]{section.2.1}{\376\377\000M\000o\000d\000e\000l}{chapter.2}% 17
\BOOKMARK [2][-]{subsection.2.1.1}{\376\377\000R\000o\000o\000t\000\040\000G\000e\000o\000m\000e\000t\000r\000y}{section.2.1}% 18
\BOOKMARK [1][-]{section.2.2}{\376\377\000G\000r\000o\000w\000t\000h}{chapter.2}% 19
\BOOKMARK [1][-]{section.2.3}{\376\377\000D\000i\000v\000i\000s\000i\000o\000n}{chapter.2}% 20
\BOOKMARK [0][-]{chapter.3}{\376\377\000R\000e\000s\000u\000l\000t\000s}{}% 21
\BOOKMARK [0][-]{appendix.A}{\376\377\000S\000u\000p\000p\000l\000e\000m\000e\000n\000t\000a\000r\000y\000\040\000M\000a\000t\000e\000r\000i\000a\000l\000s}{}% 22
\BOOKMARK [1][-]{section.A.1}{\376\377\000M\000o\000d\000e\000l\000\040\000D\000e\000t\000a\000i\000l\000s}{appendix.A}% 23
\BOOKMARK [1][-]{section.A.2}{\376\377\000P\000a\000r\000a\000m\000e\000t\000e\000r\000\040\000V\000a\000l\000u\000e\000s}{appendix.A}% 24
